0 info it worked if it ends with ok
1 verbose cli [ 'C:\\Program Files\\nodejs\\node.exe',
1 verbose cli   'C:\\Program Files\\nodejs\\node_modules\\npm\\bin\\npm-cli.js',
1 verbose cli   'install',
1 verbose cli   '--save',
1 verbose cli   'angularjs-toastr' ]
2 info using npm@1.4.28
3 info using node@v0.10.33
4 warn package.json csc309ip@0.0.0 No repository field.
5 verbose readDependencies using package.json deps
6 verbose cache add [ 'angularjs-toastr', null ]
7 verbose cache add name=undefined spec="angularjs-toastr" args=["angularjs-toastr",null]
8 verbose parsed url { protocol: null,
8 verbose parsed url   slashes: null,
8 verbose parsed url   auth: null,
8 verbose parsed url   host: null,
8 verbose parsed url   port: null,
8 verbose parsed url   hostname: null,
8 verbose parsed url   hash: null,
8 verbose parsed url   search: null,
8 verbose parsed url   query: null,
8 verbose parsed url   pathname: 'angularjs-toastr',
8 verbose parsed url   path: 'angularjs-toastr',
8 verbose parsed url   href: 'angularjs-toastr' }
9 silly lockFile 8bf93071-angularjs-toastr angularjs-toastr
10 verbose lock angularjs-toastr C:\Users\Shihan\AppData\Roaming\npm-cache\8bf93071-angularjs-toastr.lock
11 silly lockFile 8bf93071-angularjs-toastr angularjs-toastr
12 silly lockFile 8bf93071-angularjs-toastr angularjs-toastr
13 verbose addNamed [ 'angularjs-toastr', '' ]
14 verbose addNamed [ null, '*' ]
15 silly lockFile bf40f5ba-angularjs-toastr angularjs-toastr@
16 verbose lock angularjs-toastr@ C:\Users\Shihan\AppData\Roaming\npm-cache\bf40f5ba-angularjs-toastr.lock
17 silly addNameRange { name: 'angularjs-toastr', range: '*', hasData: false }
18 verbose request where is /angularjs-toastr
19 verbose request registry http://registry.npmjs.org/
20 verbose request id 7ecae78c989ee8e3
21 verbose url raw /angularjs-toastr
22 verbose url resolving [ 'http://registry.npmjs.org/', './angularjs-toastr' ]
23 verbose url resolved http://registry.npmjs.org/angularjs-toastr
24 verbose request where is http://registry.npmjs.org/angularjs-toastr
25 info trying registry request attempt 1 at 05:26:07
26 http GET http://registry.npmjs.org/angularjs-toastr
27 http 404 http://registry.npmjs.org/angularjs-toastr
28 verbose headers { server: 'CouchDB/1.5.0 (Erlang OTP/R16B03)',
28 verbose headers   'content-type': 'application/json',
28 verbose headers   'cache-control': 'max-age=0',
28 verbose headers   'content-length': '51',
28 verbose headers   'accept-ranges': 'bytes',
28 verbose headers   date: 'Fri, 27 Mar 2015 09:26:05 GMT',
28 verbose headers   via: '1.1 varnish',
28 verbose headers   age: '0',
28 verbose headers   connection: 'keep-alive',
28 verbose headers   'x-served-by': 'cache-iad2131-IAD',
28 verbose headers   'x-cache': 'MISS',
28 verbose headers   'x-cache-hits': '0',
28 verbose headers   'x-timer': 'S1427448365.559835,VS0,VE57' }
29 silly registry.get cb [ 404,
29 silly registry.get   { server: 'CouchDB/1.5.0 (Erlang OTP/R16B03)',
29 silly registry.get     'content-type': 'application/json',
29 silly registry.get     'cache-control': 'max-age=0',
29 silly registry.get     'content-length': '51',
29 silly registry.get     'accept-ranges': 'bytes',
29 silly registry.get     date: 'Fri, 27 Mar 2015 09:26:05 GMT',
29 silly registry.get     via: '1.1 varnish',
29 silly registry.get     age: '0',
29 silly registry.get     connection: 'keep-alive',
29 silly registry.get     'x-served-by': 'cache-iad2131-IAD',
29 silly registry.get     'x-cache': 'MISS',
29 silly registry.get     'x-cache-hits': '0',
29 silly registry.get     'x-timer': 'S1427448365.559835,VS0,VE57' } ]
30 silly lockFile bf40f5ba-angularjs-toastr angularjs-toastr@
31 silly lockFile bf40f5ba-angularjs-toastr angularjs-toastr@
32 error 404 404 Not Found: angularjs-toastr
32 error 404
32 error 404 'angularjs-toastr' is not in the npm registry.
32 error 404 You should bug the author to publish it
32 error 404 It was specified as a dependency of 'csc309ip'
32 error 404
32 error 404 Note that you can also install from a
32 error 404 tarball, folder, or http url, or git url.
33 error System Windows_NT 6.2.9200
34 error command "C:\\Program Files\\nodejs\\node.exe" "C:\\Program Files\\nodejs\\node_modules\\npm\\bin\\npm-cli.js" "install" "--save" "angularjs-toastr"
35 error cwd C:\Users\Shihan\Desktop\csc309ip
36 error node -v v0.10.33
37 error npm -v 1.4.28
38 error code E404
39 verbose exit [ 1, true ]
